<?xml version="1.0" encoding="UTF-8"?>
<!-- Generated by org.testng.reporters.JUnitReportReporter -->
<testsuite skipped="0" hostname="LAPTOP-OMN7KNA9" name="qaclickacademy.AppiumTest" tests="2" failures="0" timestamp="2020-02-28T17:26:47 CST" time="0.006" errors="0">
  <testcase name="IOSApps" time="0.006" classname="qaclickacademy.AppiumTest"/>
  <testcase name="nativeAppAndroid" time="0.000" classname="qaclickacademy.AppiumTest"/>
</testsuite> <!-- qaclickacademy.AppiumTest -->
