<?xml version="1.0" encoding="UTF-8"?>
<!-- Generated by org.testng.reporters.JUnitReportReporter -->
<testsuite skipped="0" hostname="LAPTOP-OMN7KNA9" name="qaclickacademy.RESTAPITest" tests="2" failures="0" timestamp="2020-02-28T17:25:40 CST" time="0.000" errors="0">
  <testcase name="deleteTwitter" time="0.000" classname="qaclickacademy.RESTAPITest"/>
  <testcase name="postJira" time="0.000" classname="qaclickacademy.RESTAPITest"/>
</testsuite> <!-- qaclickacademy.RESTAPITest -->
